<?xml version="1.0" encoding="UTF-8"?>
<!-- Generated by org.testng.reporters.JUnitReportReporter -->
<testsuite hostname="LAPTOP-O654JP8L" name="googleSearch.SearchGoogleByValue" tests="1" failures="0" timestamp="24 Feb 2018 19:59:11 GMT" time="3.765" errors="0">
  <testcase name="searchButton" time="3.765" classname="googleSearch.SearchGoogleByValue"/>
</testsuite> <!-- googleSearch.SearchGoogleByValue -->
